<?xml version="1.0" encoding="UTF-8"?>
<!-- Generated by org.testng.reporters.JUnitReportReporter -->
<testsuite hostname="DESKTOP-9GPG848" failures="0" tests="1" name="API.jira.JiraIssue" time="3.913" errors="0" timestamp="2022-12-10T21:24:34 IST" skipped="0">
  <testcase classname="API.jira.JiraIssue" name="createIssue" time="3.913"/>
  <system-out/>
</testsuite> <!-- API.jira.JiraIssue -->
