<?xml version="1.0" encoding="UTF-8"?>
<!-- Generated by org.testng.reporters.JUnitReportReporter -->
<testsuite hostname="DESKTOP-9GPG848" failures="0" tests="1" name="API.jira.Oauth" time="8.539" errors="0" timestamp="2022-12-12T03:17:29 IST" skipped="0">
  <testcase classname="API.jira.Oauth" name="oauth" time="8.539"/>
  <system-out/>
</testsuite> <!-- API.jira.Oauth -->
