<?xml version="1.0" encoding="UTF-8"?>
<!-- Generated by org.testng.reporters.JUnitReportReporter -->
<testsuite hostname="DESKTOP-9GPG848" failures="0" tests="5" name="API.jira.Library" time="6.705" errors="0" timestamp="2022-12-09T01:56:33 IST" skipped="0">
  <testcase classname="API.jira.Library" name="AddLibrary" time="0.136"/>
  <system-out/>
  <testcase classname="API.jira.Library" name="AddLibrary" time="0.178"/>
  <system-out/>
  <testcase classname="API.jira.Library" name="AddLibrary" time="3.917"/>
  <system-out/>
  <testcase classname="API.jira.Library" name="PlaceFromFile" time="2.311"/>
  <system-out/>
  <testcase classname="API.jira.Library" name="AddLibrary" time="0.163"/>
  <system-out/>
</testsuite> <!-- API.jira.Library -->
